<?xml version="1.0" encoding="UTF-8"?>
<testng-results skipped="0" failed="0" ignored="0" total="1" passed="1">
  <reporter-output>
  </reporter-output>
  <suite name="Default suite" duration-ms="35689" started-at="2019-12-14T16:38:09 IST" finished-at="2019-12-14T16:38:45 IST">
    <groups>
    </groups>
    <test name="Default test" duration-ms="35689" started-at="2019-12-14T16:38:09 IST" finished-at="2019-12-14T16:38:45 IST">
      <class name="testcase.TC001Amazon">
        <test-method status="PASS" signature="beforeMethod()[pri:0, instance:testcase.TC001Amazon@6321e813]" name="beforeMethod" is-config="true" duration-ms="11815" started-at="2019-12-14T16:38:09 IST" finished-at="2019-12-14T16:38:21 IST">
          <reporter-output>
          </reporter-output>
        </test-method> <!-- beforeMethod -->
        <test-method status="PASS" signature="runTCamazon()[pri:0, instance:testcase.TC001Amazon@6321e813]" name="runTCamazon" duration-ms="23778" started-at="2019-12-14T16:38:21 IST" finished-at="2019-12-14T16:38:45 IST">
          <reporter-output>
          </reporter-output>
        </test-method> <!-- runTCamazon -->
        <test-method status="PASS" signature="afterMethod()[pri:0, instance:testcase.TC001Amazon@6321e813]" name="afterMethod" is-config="true" duration-ms="1" started-at="2019-12-14T16:38:45 IST" finished-at="2019-12-14T16:38:45 IST">
          <reporter-output>
          </reporter-output>
        </test-method> <!-- afterMethod -->
      </class> <!-- testcase.TC001Amazon -->
    </test> <!-- Default test -->
  </suite> <!-- Default suite -->
</testng-results>
